#
# A fatal error has been detected by the Java Runtime Environment:
#
#  Internal Error (javaCalls.cpp:51), pid=2860, tid=0x0000000000000df0
#  guarantee(thread->is_Java_thread()) failed: crucial check - the VM thread cannot and must not escape to Java code
#
# JRE version: Java(TM) SE Runtime Environment (8.0_181-b13) (build 1.8.0_181-b13)
# Java VM: Java HotSpot(TM) 64-Bit Server VM (25.181-b13 mixed mode windows-amd64 compressed oops)
# Failed to write core dump. Minidumps are not enabled by default on client versions of Windows
#
# If you would like to submit a bug report, please visit:
#   http://bugreport.java.com/bugreport/crash.jsp
#

---------------  T H R E A D  ---------------

Current thread (0x000000001cce9800):  VMThread [stack: 0x000000001e9d0000,0x000000001ead0000] [id=3568]

Stack: [0x000000001e9d0000,0x000000001ead0000]
[error occurred during error reporting (printing stack bounds), id 0xc0000005]

Native frames: (J=compiled Java code, j=interpreted, Vv=VM code, C=native code)

VM_Operation (0x000000001f4bf3f0): GetOrSetLocal, mode: safepoint, requested by thread 0x000000001ec17800


---------------  P R O C E S S  ---------------

Java Threads: ( => current thread )
  0x000000001ed73800 JavaThread "Service Thread" daemon [_thread_blocked, id=5456, stack(0x000000001fac0000,0x000000001fbc0000)]
  0x000000001ecdb000 JavaThread "C1 CompilerThread3" daemon [_thread_blocked, id=8800, stack(0x000000001f9c0000,0x000000001fac0000)]
  0x000000001ecda000 JavaThread "C2 CompilerThread2" daemon [_thread_blocked, id=12388, stack(0x000000001f8c0000,0x000000001f9c0000)]
  0x000000001ecd8800 JavaThread "C2 CompilerThread1" daemon [_thread_blocked, id=6076, stack(0x000000001f7c0000,0x000000001f8c0000)]
  0x000000001ece0000 JavaThread "C2 CompilerThread0" daemon [_thread_blocked, id=3536, stack(0x000000001f6c0000,0x000000001f7c0000)]
  0x000000001ec1d800 JavaThread "JDWP Command Reader" daemon [_thread_in_native, id=4920, stack(0x000000001f5c0000,0x000000001f6c0000)]
  0x000000001ec18000 JavaThread "JDWP Event Helper Thread" daemon [_thread_blocked, id=10172, stack(0x000000001f4c0000,0x000000001f5c0000)]
  0x000000001ec17800 JavaThread "JDWP Transport Listener: dt_socket" daemon [_thread_blocked, id=4500, stack(0x000000001f3c0000,0x000000001f4c0000)]
  0x000000001ec03000 JavaThread "Attach Listener" daemon [_thread_blocked, id=788, stack(0x000000001f2c0000,0x000000001f3c0000)]
  0x000000001ec02000 JavaThread "Signal Dispatcher" daemon [_thread_blocked, id=3944, stack(0x000000001f1c0000,0x000000001f2c0000)]
  0x000000001ebf0800 JavaThread "Finalizer" daemon [_thread_blocked, id=3480, stack(0x000000001efd0000,0x000000001f0d0000)]
  0x00000000032ca000 JavaThread "Reference Handler" daemon [_thread_blocked, id=3576, stack(0x000000001ead0000,0x000000001ebd0000)]
  0x00000000031d3800 JavaThread "main" [_thread_blocked, id=2016, stack(0x0000000002e60000,0x0000000002f60000)]

Other Threads:
=>0x000000001cce9800 VMThread [stack: 0x000000001e9d0000,0x000000001ead0000] [id=3568]
  0x000000001ecc6000 WatcherThread [stack: 0x000000001fbc0000,0x000000001fcc0000] [id=10296]

VM state:at safepoint (normal execution)

VM Mutex/Monitor currently owned by a thread:  ([mutex/lock_event])
[0x00000000031d0c50] Threads_lock - owner thread: 0x000000001cce9800

Heap:
 PSYoungGen      total 76288K, used 5244K [0x000000076b400000, 0x0000000770900000, 0x00000007c0000000)
  eden space 65536K, 8% used [0x000000076b400000,0x000000076b91f200,0x000000076f400000)
  from space 10752K, 0% used [0x000000076fe80000,0x000000076fe80000,0x0000000770900000)
  to   space 10752K, 0% used [0x000000076f400000,0x000000076f400000,0x000000076fe80000)
 ParOldGen       total 175104K, used 0K [0x00000006c1c00000, 0x00000006cc700000, 0x000000076b400000)
  object space 175104K, 0% used [0x00000006c1c00000,0x00000006c1c00000,0x00000006cc700000)
 Metaspace       used 3762K, capacity 4640K, committed 4864K, reserved 1056768K
  class space    used 422K, capacity 464K, committed 512K, reserved 1048576K

Card table byte_map: [0x0000000012690000,0x0000000012e90000] byte_map_base: 0x000000000f082000

Marking Bits: (ParMarkBitMap*) 0x0000000053c52d00
 Begin Bits: [0x0000000013be0000, 0x0000000017b70000)
 End Bits:   [0x0000000017b70000, 0x000000001bb00000)

Polling page: 0x0000000001110000

CodeCache: size=245760Kb used=1218Kb max_used=1218Kb free=244541Kb
 bounds [0x00000000032d0000, 0x0000000003540000, 0x00000000122d0000]
 total_blobs=331 nmethods=85 adapters=167
 compilation: enabled

Compilation events (10 events):
Event: 0.169 Thread 0x000000001ecdb000   81       3       java.util.regex.ASCII::isAscii (13 bytes)
Event: 0.169 Thread 0x000000001ecdb000 nmethod 81 0x00000000033ff610 code [0x00000000033ff760, 0x00000000033ff8f0]
Event: 0.169 Thread 0x000000001ecdb000   80       1       java.util.regex.Pattern::flags (5 bytes)
Event: 0.169 Thread 0x000000001ecdb000 nmethod 80 0x00000000033ff950 code [0x00000000033ffaa0, 0x00000000033ffbb0]
Event: 2.402 Thread 0x000000001ecdb000   83       3       java.util.ArrayList::ensureCapacityInternal (13 bytes)
Event: 2.402 Thread 0x000000001ecdb000 nmethod 83 0x00000000033ffc10 code [0x00000000033ffda0, 0x0000000003400148]
Event: 2.402 Thread 0x000000001ecdb000   84       3       java.util.ArrayList::calculateCapacity (16 bytes)
Event: 2.403 Thread 0x000000001ecdb000 nmethod 84 0x00000000034002d0 code [0x0000000003400440, 0x0000000003400670]
Event: 2.403 Thread 0x000000001ecdb000   85       3       java.util.ArrayList::ensureExplicitCapacity (26 bytes)
Event: 2.403 Thread 0x000000001ecdb000 nmethod 85 0x0000000003400710 code [0x0000000003400880, 0x0000000003400a88]

GC Heap History (0 events):
No events

Deoptimization events (0 events):
No events

Classes redefined (3 events):
Event: 167.965 Thread 0x000000001cce9800 redefined class name=JosephusProblem, count=1
Event: 196.315 Thread 0x000000001cce9800 redefined class name=JosephusProblem, count=2
Event: 2137.406 Thread 0x000000001cce9800 redefined class name=JosephusProblem, count=3

Internal exceptions (6 events):
Event: 0.027 Thread 0x00000000031d3800 Exception <a 'java/lang/NoSuchMethodError': Method sun.misc.Unsafe.defineClass(Ljava/lang/String;[BII)Ljava/lang/Class; name or signature does not match> (0x000000076b407cb0) thrown at [C:\re\workspace\8-2-build-windows-amd64-cygwin\jdk8u181\11358\hotspot
Event: 0.027 Thread 0x00000000031d3800 Exception <a 'java/lang/NoSuchMethodError': Method sun.misc.Unsafe.prefetchRead(Ljava/lang/Object;J)V name or signature does not match> (0x000000076b407f98) thrown at [C:\re\workspace\8-2-build-windows-amd64-cygwin\jdk8u181\11358\hotspot\src\share\vm\prim
Event: 0.159 Thread 0x00000000031d3800 Exception <a 'java/security/PrivilegedActionException'> (0x000000076b757580) thrown at [C:\re\workspace\8-2-build-windows-amd64-cygwin\jdk8u181\11358\hotspot\src\share\vm\prims\jvm.cpp, line 1435]
Event: 0.159 Thread 0x00000000031d3800 Exception <a 'java/security/PrivilegedActionException'> (0x000000076b757978) thrown at [C:\re\workspace\8-2-build-windows-amd64-cygwin\jdk8u181\11358\hotspot\src\share\vm\prims\jvm.cpp, line 1435]
Event: 0.159 Thread 0x00000000031d3800 Exception <a 'java/security/PrivilegedActionException'> (0x000000076b75ba70) thrown at [C:\re\workspace\8-2-build-windows-amd64-cygwin\jdk8u181\11358\hotspot\src\share\vm\prims\jvm.cpp, line 1435]
Event: 0.160 Thread 0x00000000031d3800 Exception <a 'java/security/PrivilegedActionException'> (0x000000076b75be68) thrown at [C:\re\workspace\8-2-build-windows-amd64-cygwin\jdk8u181\11358\hotspot\src\share\vm\prims\jvm.cpp, line 1435]

Events (10 events):
Event: 409.164 Executing VM operation: ChangeBreakpoints done
Event: 409.174 Executing VM operation: ChangeBreakpoints
Event: 409.174 Executing VM operation: ChangeBreakpoints done
Event: 2137.406 Executing VM operation: RedefineClasses
Event: 2137.406 Executing VM operation: RedefineClasses done
Event: 2137.496 Executing VM operation: ChangeBreakpoints
Event: 2137.496 Executing VM operation: ChangeBreakpoints done
Event: 2137.496 Executing VM operation: ChangeBreakpoints
Event: 2137.496 Executing VM operation: ChangeBreakpoints done
Event: 2137.536 Executing VM operation: GetOrSetLocal


Dynamic libraries:
0x00007ff7011b0000 - 0x00007ff7011e7000 	C:\Program Files\Java\jdk1.8.0_181\bin\java.exe
0x00007fffb3600000 - 0x00007fffb37e1000 	C:\WINDOWS\SYSTEM32\ntdll.dll
0x00007fffb0cc0000 - 0x00007fffb0d72000 	C:\WINDOWS\System32\KERNEL32.DLL
0x00007fffb0690000 - 0x00007fffb0903000 	C:\WINDOWS\System32\KERNELBASE.dll
0x00007fffb0a90000 - 0x00007fffb0b31000 	C:\WINDOWS\System32\ADVAPI32.dll
0x00007fffb1ab0000 - 0x00007fffb1b4e000 	C:\WINDOWS\System32\msvcrt.dll
0x00007fffb0eb0000 - 0x00007fffb0f0b000 	C:\WINDOWS\System32\sechost.dll
0x00007fffb0d80000 - 0x00007fffb0ea4000 	C:\WINDOWS\System32\RPCRT4.dll
0x00007fffb1920000 - 0x00007fffb1ab0000 	C:\WINDOWS\System32\USER32.dll
0x00007fffaff10000 - 0x00007fffaff30000 	C:\WINDOWS\System32\win32u.dll
0x00007fffb1d40000 - 0x00007fffb1d68000 	C:\WINDOWS\System32\GDI32.dll
0x00007fffafa70000 - 0x00007fffafc02000 	C:\WINDOWS\System32\gdi32full.dll
0x00007fffaf9d0000 - 0x00007fffafa6f000 	C:\WINDOWS\System32\msvcp_win.dll
0x00007fffb0910000 - 0x00007fffb0a0a000 	C:\WINDOWS\System32\ucrtbase.dll
0x00007fffa05c0000 - 0x00007fffa0829000 	C:\WINDOWS\WinSxS\amd64_microsoft.windows.common-controls_6595b64144ccf1df_6.0.17134.285_none_fb4297e330656775\COMCTL32.dll
0x00007fffb32a0000 - 0x00007fffb35c3000 	C:\WINDOWS\System32\combase.dll
0x00007fffb0a10000 - 0x00007fffb0a8a000 	C:\WINDOWS\System32\bcryptPrimitives.dll
0x00007fffb1b50000 - 0x00007fffb1b7d000 	C:\WINDOWS\System32\IMM32.DLL
0x0000000055590000 - 0x0000000055662000 	C:\Program Files\Java\jdk1.8.0_181\jre\bin\msvcr100.dll
0x0000000053430000 - 0x0000000053cd2000 	C:\Program Files\Java\jdk1.8.0_181\jre\bin\server\jvm.dll
0x00007fffb0cb0000 - 0x00007fffb0cb8000 	C:\WINDOWS\System32\PSAPI.DLL
0x00007fff9e540000 - 0x00007fff9e549000 	C:\WINDOWS\SYSTEM32\WSOCK32.dll
0x00007fffada50000 - 0x00007fffada5a000 	C:\WINDOWS\SYSTEM32\VERSION.dll
0x00007fffacdd0000 - 0x00007fffacdf3000 	C:\WINDOWS\SYSTEM32\WINMM.dll
0x00007fffb1cd0000 - 0x00007fffb1d3c000 	C:\WINDOWS\System32\WS2_32.dll
0x00007fffac800000 - 0x00007fffac82a000 	C:\WINDOWS\SYSTEM32\winmmbase.dll
0x00007fffaff30000 - 0x00007fffaff79000 	C:\WINDOWS\System32\cfgmgr32.dll
0x0000000055580000 - 0x000000005558f000 	C:\Program Files\Java\jdk1.8.0_181\jre\bin\verify.dll
0x0000000055550000 - 0x0000000055579000 	C:\Program Files\Java\jdk1.8.0_181\jre\bin\java.dll
0x00000000554f0000 - 0x0000000055525000 	C:\Program Files\Java\jdk1.8.0_181\jre\bin\jdwp.dll
0x00000000554e0000 - 0x00000000554e8000 	C:\Program Files\Java\jdk1.8.0_181\jre\bin\npt.dll
0x00000000554b0000 - 0x00000000554d3000 	C:\Program Files\Java\jdk1.8.0_181\jre\bin\instrument.dll
0x0000000055530000 - 0x0000000055546000 	C:\Program Files\Java\jdk1.8.0_181\jre\bin\zip.dll
0x00007fffb1d70000 - 0x00007fffb31b0000 	C:\WINDOWS\System32\SHELL32.dll
0x00007fffb0be0000 - 0x00007fffb0c89000 	C:\WINDOWS\System32\shcore.dll
0x00007fffaff80000 - 0x00007fffb068d000 	C:\WINDOWS\System32\windows.storage.dll
0x00007fffb1ba0000 - 0x00007fffb1bf1000 	C:\WINDOWS\System32\shlwapi.dll
0x00007fffaf9b0000 - 0x00007fffaf9c1000 	C:\WINDOWS\System32\kernel.appcore.dll
0x00007fffaf920000 - 0x00007fffaf93f000 	C:\WINDOWS\System32\profapi.dll
0x00007fffaf960000 - 0x00007fffaf9ac000 	C:\WINDOWS\System32\powrprof.dll
0x00007fffaf910000 - 0x00007fffaf91a000 	C:\WINDOWS\System32\FLTLIB.DLL
0x00000000554a0000 - 0x00000000554a9000 	C:\Program Files\Java\jdk1.8.0_181\jre\bin\dt_socket.dll
0x00007fffaf190000 - 0x00007fffaf1f6000 	C:\WINDOWS\system32\mswsock.dll

VM Arguments:
jvm_args: -agentlib:jdwp=transport=dt_socket,address=127.0.0.1:52020,suspend=y,server=n -javaagent:C:\Users\Splichus\.IntelliJIdea2018.2\system\captureAgent\debugger-agent.jar=file:/C:/Users/Splichus/AppData/Local/Temp/capture.props -Dfile.encoding=UTF-8 
java_command: JosephusProblem
java_class_path (initial): C:\Program Files\Java\jdk1.8.0_181\jre\lib\charsets.jar;C:\Program Files\Java\jdk1.8.0_181\jre\lib\deploy.jar;C:\Program Files\Java\jdk1.8.0_181\jre\lib\ext\access-bridge-64.jar;C:\Program Files\Java\jdk1.8.0_181\jre\lib\ext\cldrdata.jar;C:\Program Files\Java\jdk1.8.0_181\jre\lib\ext\dnsns.jar;C:\Program Files\Java\jdk1.8.0_181\jre\lib\ext\jaccess.jar;C:\Program Files\Java\jdk1.8.0_181\jre\lib\ext\jfxrt.jar;C:\Program Files\Java\jdk1.8.0_181\jre\lib\ext\localedata.jar;C:\Program Files\Java\jdk1.8.0_181\jre\lib\ext\nashorn.jar;C:\Program Files\Java\jdk1.8.0_181\jre\lib\ext\sunec.jar;C:\Program Files\Java\jdk1.8.0_181\jre\lib\ext\sunjce_provider.jar;C:\Program Files\Java\jdk1.8.0_181\jre\lib\ext\sunmscapi.jar;C:\Program Files\Java\jdk1.8.0_181\jre\lib\ext\sunpkcs11.jar;C:\Program Files\Java\jdk1.8.0_181\jre\lib\ext\zipfs.jar;C:\Program Files\Java\jdk1.8.0_181\jre\lib\javaws.jar;C:\Program Files\Java\jdk1.8.0_181\jre\lib\jce.jar;C:\Program Files\Java\jdk1.8.0_181\jre\lib\jfr.jar;C:\Program Files\Java\jdk1.8.0_181\jre\lib\jfxswt.jar;C:\Program Files\Java\jdk1.8.0_181\jre\lib\jsse.jar;C:\Program Files\Java\jdk1.8.0_181\jre\lib\management-agent.jar;C:\Program Files\Java\jdk1.8.0_181\jre\lib\plugin.jar;C:\Program Files\Java\jdk1.8.0_181\jre\lib\resources.jar;C:\Program Files\Java\jdk1.8.0_181\jre\lib\rt.jar;C:\Users\Splichus\greenfox\Splichus\week-2\day-2\out\production\day-2;C:\Program Files\JetBrains\IntelliJ IDEA 2018.2.4\lib\idea_rt.jar;C:\Users\Splichus\.IntelliJIdea2018.2\system\captureAgent\debugger-agent.jar
Launcher Type: SUN_STANDARD

Environment Variables:
JAVA_HOME=C:\Program Files\Java\jdk1.8.0
PATH=C:\Program Files\Java\jdk1.8.0_181;C:\Program Files (x86)\Intel\iCLS Client\;C:\Program Files\Intel\iCLS Client\;C:\Windows\system32;C:\Windows;C:\Windows\System32\Wbem;C:\Windows\System32\WindowsPowerShell\v1.0\;C:\Program Files (x86)\Intel\Intel(R) Management Engine Components\DAL;C:\Program Files\Intel\Intel(R) Management Engine Components\DAL;C:\Program Files (x86)\Intel\Intel(R) Management Engine Components\IPT;C:\Program Files\Intel\Intel(R) Management Engine Components\IPT;C:\Program Files (x86)\NVIDIA Corporation\PhysX\Common;C:\Program Files\Intel\WiFi\bin\;C:\Program Files\Common Files\Intel\WirelessCommon\;C:\WINDOWS\system32;C:\WINDOWS;C:\WINDOWS\System32\Wbem;C:\WINDOWS\System32\WindowsPowerShell\v1.0\;C:\WINDOWS\System32\OpenSSH\;C:\Program Files\Git\cmd;C:\Program Files\Java\jdk1.8.0_181;C:\Program Files (x86)\Intel\iCLS Client\;C:\Program Files\Intel\iCLS Client\;C:\Windows\system32;C:\Windows;C:\Windows\System32\Wbem;C:\Windows\System32\WindowsPowerShell\v1.0\;C:\Program Files (x86)\Intel\Intel(R) Management Engine Components\DAL;C:\Program Files\Intel\Intel(R) Management Engine Components\DAL;C:\Program Files (x86)\Intel\Intel(R) Management Engine Components\IPT;C:\Program Files\Intel\Intel(R) Management Engine Components\IPT;C:\Program Files (x86)\NVIDIA Corporation\PhysX\Common;C:\Program Files\Intel\WiFi\bin\;C:\Program Files\Common Files\Intel\WirelessCommon\;C:\WINDOWS\system32;C:\WINDOWS;C:\WINDOWS\System32\Wbem;C:\WINDOWS\System32\WindowsPowerShell\v1.0\;C:\WINDOWS\System32\OpenSSH\;C:\Program Files\Git\cmd;;C:\Program Files\Java\jdk1.8.0\bin
USERNAME=Splichus
OS=Windows_NT
PROCESSOR_IDENTIFIER=Intel64 Family 6 Model 142 Stepping 10, GenuineIntel



---------------  S Y S T E M  ---------------

OS: Windows 10.0 , 64 bit Build 17134 (10.0.17134.1)

CPU:total 8 (initial active 8) (4 cores per cpu, 2 threads per core) family 6 model 142 stepping 10, cmov, cx8, fxsr, mmx, sse, sse2, sse3, ssse3, sse4.1, sse4.2, popcnt, avx, avx2, aes, clmul, erms, 3dnowpref, lzcnt, ht, tsc, tscinvbit, bmi1, bmi2, adx

Memory: 4k page, physical 16657188k(11568068k free), swap 19147556k(11819764k free)

vm_info: Java HotSpot(TM) 64-Bit Server VM (25.181-b13) for windows-amd64 JRE (1.8.0_181-b13), built on Jul  7 2018 04:01:33 by "java_re" with MS VC++ 10.0 (VS2010)

time: Wed Sep 26 08:55:40 2018
elapsed time: 2137 seconds (0d 0h 35m 37s)

